-- The C compiler identification is GNU 11.4.0
-- The CXX compiler identification is GNU 11.4.0
-- Detecting C compiler ABI info
-- Detecting C compiler ABI info - done
-- Check for working C compiler: /usr/bin/cc - skipped
-- Detecting C compile features
-- Detecting C compile features - done
-- Detecting CXX compiler ABI info
-- Detecting CXX compiler ABI info - done
-- Check for working CXX compiler: /usr/bin/c++ - skipped
-- Detecting CXX compile features
-- Detecting CXX compile features - done
-- Found ament_cmake: 1.3.12 (/opt/ros/humble/share/ament_cmake/cmake)
-- Found Python3: /usr/bin/python3 (found version "3.10.12") found components: Interpreter 
-- Override CMake install command with custom implementation using symlinks instead of copying resources
-- Found urdf: 2.6.1 (/opt/ros/humble/share/urdf/cmake)
-- Found xacro: 2.1.1 (/opt/ros/humble/share/xacro/cmake)
-- Found rclpy: 3.3.21 (/opt/ros/humble/share/rclpy/cmake)
-- Found ros2_control: 2.52.0 (/opt/ros/humble/share/ros2_control/cmake)
-- Found gazebo_ros2_control: 0.4.10 (/opt/ros/humble/share/gazebo_ros2_control/cmake)
-- Found rosidl_generator_c: 3.1.7 (/opt/ros/humble/share/rosidl_generator_c/cmake)
-- Found rosidl_adapter: 3.1.7 (/opt/ros/humble/share/rosidl_adapter/cmake)
-- Found rosidl_generator_cpp: 3.1.7 (/opt/ros/humble/share/rosidl_generator_cpp/cmake)
-- Using all available rosidl_typesupport_c: rosidl_typesupport_fastrtps_c;rosidl_typesupport_introspection_c
-- Using all available rosidl_typesupport_cpp: rosidl_typesupport_fastrtps_cpp;rosidl_typesupport_introspection_cpp
-- Found rmw_implementation_cmake: 6.1.2 (/opt/ros/humble/share/rmw_implementation_cmake/cmake)
-- Found rmw_cyclonedds_cpp: 1.3.4 (/opt/ros/humble/share/rmw_cyclonedds_cpp/cmake)
-- Using RMW implementation 'rmw_cyclonedds_cpp' as default
-- Looking for pthread.h
-- Looking for pthread.h - found
-- Performing Test CMAKE_HAVE_LIBC_PTHREAD
-- Performing Test CMAKE_HAVE_LIBC_PTHREAD - Success
-- Found Threads: TRUE  
-- Found PkgConfig: /usr/bin/pkg-config (found version "0.29.2") 
-- Checking for module 'bullet>=2.82'
--   Found bullet, version 3.05
-- Found fcl: /usr/include (found suitable version "0.7.0", minimum required is "0.5.0") 
-- Found assimp: /usr/include (found version "5.2.0") 
-- Found DART: /usr/include (Required is at least version "6.6") found components: dart 
-- Found Boost: /usr/lib/x86_64-linux-gnu/cmake/Boost-1.74.0/BoostConfig.cmake (found suitable version "1.74.0", minimum required is "1.40.0") found components: thread system filesystem program_options regex iostreams date_time 
-- Found Protobuf: /usr/lib/x86_64-linux-gnu/libprotobuf.so (found version "3.12.4") 
-- Looking for ignition-math6 -- found version 6.15.1
-- Searching for dependencies of ignition-math6
-- Looking for OGRE...
-- OGRE_PREFIX_WATCH changed.
-- Checking for module 'OGRE'
--   Found OGRE, version 1.9.0
-- Found Ogre Ghadamon (1.9.0)
-- Found OGRE: optimized;/usr/lib/x86_64-linux-gnu/libOgreMain.so;debug;/usr/lib/x86_64-linux-gnu/libOgreMain.so
-- Looking for OGRE_Paging...
-- Found OGRE_Paging: optimized;/usr/lib/x86_64-linux-gnu/libOgrePaging.so;debug;/usr/lib/x86_64-linux-gnu/libOgrePaging.so
-- Looking for OGRE_Terrain...
-- Found OGRE_Terrain: optimized;/usr/lib/x86_64-linux-gnu/libOgreTerrain.so;debug;/usr/lib/x86_64-linux-gnu/libOgreTerrain.so
-- Looking for OGRE_Property...
-- Found OGRE_Property: optimized;/usr/lib/x86_64-linux-gnu/libOgreProperty.so;debug;/usr/lib/x86_64-linux-gnu/libOgreProperty.so
-- Looking for OGRE_RTShaderSystem...
-- Found OGRE_RTShaderSystem: optimized;/usr/lib/x86_64-linux-gnu/libOgreRTShaderSystem.so;debug;/usr/lib/x86_64-linux-gnu/libOgreRTShaderSystem.so
-- Looking for OGRE_Volume...
-- Found OGRE_Volume: optimized;/usr/lib/x86_64-linux-gnu/libOgreVolume.so;debug;/usr/lib/x86_64-linux-gnu/libOgreVolume.so
-- Looking for OGRE_Overlay...
-- Found OGRE_Overlay: optimized;/usr/lib/x86_64-linux-gnu/libOgreOverlay.so;debug;/usr/lib/x86_64-linux-gnu/libOgreOverlay.so
-- Looking for ignition-math6 -- found version 6.15.1
-- Looking for ignition-transport8 -- found version 8.2.1
-- Searching for dependencies of ignition-transport8
-- Found Protobuf: /usr/lib/x86_64-linux-gnu/libprotobuf.so (found suitable version "3.12.4", minimum required is "3") 
-- Config-file not installed for ZeroMQ -- checking for pkg-config
-- Checking for module 'libzmq >= 4'
--   Found libzmq , version 4.3.4
-- Found ZeroMQ: TRUE (Required is at least version "4") 
-- Checking for module 'uuid'
--   Found uuid, version 2.37.2
-- Found UUID: TRUE  
-- Looking for ignition-msgs5 -- found version 5.8.1
-- Searching for dependencies of ignition-msgs5
-- Looking for ignition-math6 -- found version 6.15.1
-- Checking for module 'tinyxml2'
--   Found tinyxml2, version 9.0.0
-- Looking for ignition-msgs5 -- found version 5.8.1
-- Looking for ignition-common3 -- found version 3.14.0
-- Searching for dependencies of ignition-common3
-- Looking for dlfcn.h - found
-- Looking for libdl - found
-- Found DL: TRUE  
-- Found tinyobjloader: /usr/lib/x86_64-linux-gnu/cmake/tinyobjloader/tinyobjloader-config.cmake (found version "2.0.0") 
-- Searching for <ignition-common3> component [graphics]
-- Looking for ignition-common3-graphics -- found version 3.14.0
-- Searching for dependencies of ignition-common3-graphics
-- Looking for ignition-math6 -- found version 6.15.1
-- Looking for ignition-fuel_tools4 -- found version 4.4.0
-- Searching for dependencies of ignition-fuel_tools4
-- Found CURL: /usr/lib/x86_64-linux-gnu/libcurl.so (found version "7.81.0")  
-- Checking for module 'jsoncpp'
--   Found jsoncpp, version 1.9.5
-- Found JSONCPP: TRUE  
-- Checking for module 'libzip'
--   Found libzip, version 1.7.3
-- Found ZIP: TRUE  
-- Looking for ignition-common3 -- found version 3.14.0
-- Looking for ignition-math6 -- found version 6.15.1
-- Looking for ignition-msgs5 -- found version 5.8.1
-- Gazebo version: 11.10
-- Checking for module 'tbb'
--   Found tbb, version 2021.5.0
-- Found joint_state_broadcaster: 2.50.0 (/opt/ros/humble/share/joint_state_broadcaster/cmake)
-- Found velocity_controllers: 2.50.0 (/opt/ros/humble/share/velocity_controllers/cmake)
-- Found nav2_common: 1.1.18 (/opt/ros/humble/share/nav2_common/cmake)
-- Found nav2_msgs: 1.1.18 (/opt/ros/humble/share/nav2_msgs/cmake)
-- Found nav2_util: 1.1.18 (/opt/ros/humble/share/nav2_util/cmake)
-- Found eigen3_cmake_module: 0.1.1 (/opt/ros/humble/share/eigen3_cmake_module/cmake)
-- Found Eigen3: TRUE (found version "3.4.0") 
-- Ensuring Eigen3 include directory is part of orocos-kdl CMake target
-- Found nav2_core: 1.1.18 (/opt/ros/humble/share/nav2_core/cmake)
-- Found bb_interfaces: 0.0.0 (/home/thrilok/ros_ws/install/bb_interfaces/share/bb_interfaces/cmake)
-- Found ament_lint_auto: 0.12.14 (/opt/ros/humble/share/ament_lint_auto/cmake)
-- Added test 'flake8' to check Python code syntax and style conventions
-- Added test 'lint_cmake' to check CMake code style
-- Added test 'pep257' to check Python code against some of the docstring style conventions in PEP 257
-- Added test 'xmllint' to check XML markup files
-- Configuring done
-- Generating done
-- Build files have been written to: /home/thrilok/ros_ws/build/butlerbot
-- Install configuration: ""
-- Execute custom install script
-- Symlinking: /home/thrilok/ros_ws/install/butlerbot/share/butlerbot//config/amcl.yaml
-- Symlinking: /home/thrilok/ros_ws/install/butlerbot/share/butlerbot//config/behavior.xml
-- Symlinking: /home/thrilok/ros_ws/install/butlerbot/share/butlerbot//config/mapper_async.yaml
-- Symlinking: /home/thrilok/ros_ws/install/butlerbot/share/butlerbot//config/nav_viz.rviz
-- Symlinking: /home/thrilok/ros_ws/install/butlerbot/share/butlerbot//config/navigation.yaml
-- Symlinking: /home/thrilok/ros_ws/install/butlerbot/share/butlerbot//config/rsp.rviz
-- Symlinking: /home/thrilok/ros_ws/install/butlerbot/share/butlerbot//launch/desc.launch.py
-- Symlinking: /home/thrilok/ros_ws/install/butlerbot/share/butlerbot//launch/localisation.launch.py
-- Symlinking: /home/thrilok/ros_ws/install/butlerbot/share/butlerbot//launch/main.launch.py
-- Symlinking: /home/thrilok/ros_ws/install/butlerbot/share/butlerbot//launch/navigation.launch.xml
-- Symlinking: /home/thrilok/ros_ws/install/butlerbot/share/butlerbot//launch/pathplanning.launch.py
-- Symlinking: /home/thrilok/ros_ws/install/butlerbot/share/butlerbot//launch/rsp.launch.py
-- Symlinking: /home/thrilok/ros_ws/install/butlerbot/share/butlerbot//launch/rviz.launch.py
-- Symlinking: /home/thrilok/ros_ws/install/butlerbot/share/butlerbot//launch/slam.launch.py
-- Symlinking: /home/thrilok/ros_ws/install/butlerbot/share/butlerbot//launch/spawn_robot.launch.xml
-- Symlinking: /home/thrilok/ros_ws/install/butlerbot/share/butlerbot//launch/world.launch.py
-- Symlinking: /home/thrilok/ros_ws/install/butlerbot/share/butlerbot//models/models/cafe/materials/textures/__auto_10.jpg
-- Symlinking: /home/thrilok/ros_ws/install/butlerbot/share/butlerbot//models/models/cafe/materials/textures/__auto_2.jpg
-- Symlinking: /home/thrilok/ros_ws/install/butlerbot/share/butlerbot//models/models/cafe/materials/textures/__auto_21.jpg
-- Symlinking: /home/thrilok/ros_ws/install/butlerbot/share/butlerbot//models/models/cafe/materials/textures/__auto_22.jpg
-- Symlinking: /home/thrilok/ros_ws/install/butlerbot/share/butlerbot//models/models/cafe/materials/textures/__auto_23.jpg
-- Symlinking: /home/thrilok/ros_ws/install/butlerbot/share/butlerbot//models/models/cafe/materials/textures/__auto_24.jpg
-- Symlinking: /home/thrilok/ros_ws/install/butlerbot/share/butlerbot//models/models/cafe/materials/textures/__auto_25.jpg
-- Symlinking: /home/thrilok/ros_ws/install/butlerbot/share/butlerbot//models/models/cafe/materials/textures/__auto_26.jpg
-- Symlinking: /home/thrilok/ros_ws/install/butlerbot/share/butlerbot//models/models/cafe/materials/textures/__auto_28.jpg
-- Symlinking: /home/thrilok/ros_ws/install/butlerbot/share/butlerbot//models/models/cafe/materials/textures/__auto_29.jpg
-- Symlinking: /home/thrilok/ros_ws/install/butlerbot/share/butlerbot//models/models/cafe/materials/textures/__auto_30.jpg
-- Symlinking: /home/thrilok/ros_ws/install/butlerbot/share/butlerbot//models/models/cafe/materials/textures/__auto_31.jpg
-- Symlinking: /home/thrilok/ros_ws/install/butlerbot/share/butlerbot//models/models/cafe/materials/textures/__auto_34.jpg
-- Symlinking: /home/thrilok/ros_ws/install/butlerbot/share/butlerbot//models/models/cafe/materials/textures/__auto_35.jpg
-- Symlinking: /home/thrilok/ros_ws/install/butlerbot/share/butlerbot//models/models/cafe/materials/textures/__auto_37.jpg
-- Symlinking: /home/thrilok/ros_ws/install/butlerbot/share/butlerbot//models/models/cafe/meshes/cafe.dae
-- Symlinking: /home/thrilok/ros_ws/install/butlerbot/share/butlerbot//models/models/cafe/model.config
-- Symlinking: /home/thrilok/ros_ws/install/butlerbot/share/butlerbot//models/models/cafe/model.sdf
-- Symlinking: /home/thrilok/ros_ws/install/butlerbot/share/butlerbot//models/models/cafe_table/materials/textures/Maple.jpg
-- Symlinking: /home/thrilok/ros_ws/install/butlerbot/share/butlerbot//models/models/cafe_table/materials/textures/Wood_Floor_Dark.jpg
-- Symlinking: /home/thrilok/ros_ws/install/butlerbot/share/butlerbot//models/models/cafe_table/meshes/cafe_table.dae
-- Symlinking: /home/thrilok/ros_ws/install/butlerbot/share/butlerbot//models/models/cafe_table/model-1_4.sdf
-- Symlinking: /home/thrilok/ros_ws/install/butlerbot/share/butlerbot//models/models/cafe_table/model.config
-- Symlinking: /home/thrilok/ros_ws/install/butlerbot/share/butlerbot//models/models/cafe_table/model.sdf
-- Symlinking: /home/thrilok/ros_ws/install/butlerbot/share/butlerbot//models/models/ground_plane/model-1_2.sdf
-- Symlinking: /home/thrilok/ros_ws/install/butlerbot/share/butlerbot//models/models/ground_plane/model-1_3.sdf
-- Symlinking: /home/thrilok/ros_ws/install/butlerbot/share/butlerbot//models/models/ground_plane/model-1_4.sdf
-- Symlinking: /home/thrilok/ros_ws/install/butlerbot/share/butlerbot//models/models/ground_plane/model.config
-- Symlinking: /home/thrilok/ros_ws/install/butlerbot/share/butlerbot//models/models/ground_plane/model.sdf
-- Symlinking: /home/thrilok/ros_ws/install/butlerbot/share/butlerbot//models/models/table_marble/materials/scripts/table_lightmap.material
-- Symlinking: /home/thrilok/ros_ws/install/butlerbot/share/butlerbot//models/models/table_marble/materials/textures/marble.png
-- Symlinking: /home/thrilok/ros_ws/install/butlerbot/share/butlerbot//models/models/table_marble/materials/textures/table_lightmap.png
-- Symlinking: /home/thrilok/ros_ws/install/butlerbot/share/butlerbot//models/models/table_marble/meshes/table_lightmap.dae
-- Symlinking: /home/thrilok/ros_ws/install/butlerbot/share/butlerbot//models/models/table_marble/model-1_4.sdf
-- Symlinking: /home/thrilok/ros_ws/install/butlerbot/share/butlerbot//models/models/table_marble/model.config
-- Symlinking: /home/thrilok/ros_ws/install/butlerbot/share/butlerbot//models/models/table_marble/model.sdf
-- Symlinking: /home/thrilok/ros_ws/install/butlerbot/share/butlerbot//worlds/cafe.world
-- Symlinking: /home/thrilok/ros_ws/install/butlerbot/share/butlerbot//worlds/cafe_new.world
-- Symlinking: /home/thrilok/ros_ws/install/butlerbot/share/butlerbot//worlds/cafe_table.world
-- Symlinking: /home/thrilok/ros_ws/install/butlerbot/share/butlerbot//worlds/new_cafe.world
-- Symlinking: /home/thrilok/ros_ws/install/butlerbot/share/butlerbot//media/media/frames/frames.gv
-- Symlinking: /home/thrilok/ros_ws/install/butlerbot/share/butlerbot//media/media/frames/frames.pdf
-- Symlinking: /home/thrilok/ros_ws/install/butlerbot/share/butlerbot//media/media/node_graph/rviz_launch_rosgraph.png
-- Symlinking: /home/thrilok/ros_ws/install/butlerbot/share/butlerbot//meshes/body.stl
-- Symlinking: /home/thrilok/ros_ws/install/butlerbot/share/butlerbot//meshes/sensors/realsense.dae
-- Symlinking: /home/thrilok/ros_ws/install/butlerbot/share/butlerbot//meshes/sensors/rplidar.dae
-- Symlinking: /home/thrilok/ros_ws/install/butlerbot/share/butlerbot//meshes/sensors/rplidartexture.png
-- Symlinking: /home/thrilok/ros_ws/install/butlerbot/share/butlerbot//meshes/textures/lambert3_baseColor.png
-- Symlinking: /home/thrilok/ros_ws/install/butlerbot/share/butlerbot//scripts/3lok.py
-- Symlinking: /home/thrilok/ros_ws/install/butlerbot/share/butlerbot//scripts/move_robot.py
-- Symlinking: /home/thrilok/ros_ws/install/butlerbot/share/butlerbot//urdf/bot.urdf
-- Symlinking: /home/thrilok/ros_ws/install/butlerbot/share/butlerbot//maps/cafe_map.pgm
-- Symlinking: /home/thrilok/ros_ws/install/butlerbot/share/butlerbot//maps/cafe_map.yaml
-- Symlinking: /home/thrilok/ros_ws/install/butlerbot/share/butlerbot//maps/cafe_table.pgm
-- Symlinking: /home/thrilok/ros_ws/install/butlerbot/share/butlerbot//maps/cafe_table.yaml
-- Symlinking: /home/thrilok/ros_ws/install/butlerbot/share/butlerbot//maps/final_map.pgm
-- Symlinking: /home/thrilok/ros_ws/install/butlerbot/share/butlerbot//maps/final_map.yaml
-- Symlinking: /home/thrilok/ros_ws/install/butlerbot/lib/butlerbot/move_robot.py
-- Symlinking: /home/thrilok/ros_ws/install/butlerbot/share/ament_index/resource_index/package_run_dependencies/butlerbot
-- Symlinking: /home/thrilok/ros_ws/install/butlerbot/share/ament_index/resource_index/parent_prefix_path/butlerbot
-- Symlinking: /home/thrilok/ros_ws/install/butlerbot/share/butlerbot/environment/ament_prefix_path.sh
-- Symlinking: /home/thrilok/ros_ws/install/butlerbot/share/butlerbot/environment/ament_prefix_path.dsv
-- Symlinking: /home/thrilok/ros_ws/install/butlerbot/share/butlerbot/environment/path.sh
-- Symlinking: /home/thrilok/ros_ws/install/butlerbot/share/butlerbot/environment/path.dsv
-- Symlinking: /home/thrilok/ros_ws/install/butlerbot/share/butlerbot/local_setup.bash
-- Symlinking: /home/thrilok/ros_ws/install/butlerbot/share/butlerbot/local_setup.sh
-- Symlinking: /home/thrilok/ros_ws/install/butlerbot/share/butlerbot/local_setup.zsh
-- Symlinking: /home/thrilok/ros_ws/install/butlerbot/share/butlerbot/local_setup.dsv
-- Symlinking: /home/thrilok/ros_ws/install/butlerbot/share/butlerbot/package.dsv
-- Symlinking: /home/thrilok/ros_ws/install/butlerbot/share/ament_index/resource_index/packages/butlerbot
-- Symlinking: /home/thrilok/ros_ws/install/butlerbot/share/butlerbot/cmake/butlerbotConfig.cmake
-- Symlinking: /home/thrilok/ros_ws/install/butlerbot/share/butlerbot/cmake/butlerbotConfig-version.cmake
-- Symlinking: /home/thrilok/ros_ws/install/butlerbot/share/butlerbot/package.xml
