-- The C compiler identification is GNU 11.4.0
-- The CXX compiler identification is GNU 11.4.0
-- Detecting C compiler ABI info
-- Detecting C compiler ABI info - done
-- Check for working C compiler: /usr/bin/cc - skipped
-- Detecting C compile features
-- Detecting C compile features - done
-- Detecting CXX compiler ABI info
-- Detecting CXX compiler ABI info - done
-- Check for working CXX compiler: /usr/bin/c++ - skipped
-- Detecting CXX compile features
-- Detecting CXX compile features - done
-- Found ament_cmake: 1.3.12 (/opt/ros/humble/share/ament_cmake/cmake)
-- Found Python3: /usr/bin/python3 (found version "3.10.12") found components: Interpreter 
-- Override CMake install command with custom implementation using symlinks instead of copying resources
-- Found geometry_msgs: 4.9.0 (/opt/ros/humble/share/geometry_msgs/cmake)
-- Found rosidl_generator_c: 3.1.7 (/opt/ros/humble/share/rosidl_generator_c/cmake)
-- Found rosidl_adapter: 3.1.7 (/opt/ros/humble/share/rosidl_adapter/cmake)
-- Found rosidl_generator_cpp: 3.1.7 (/opt/ros/humble/share/rosidl_generator_cpp/cmake)
-- Using all available rosidl_typesupport_c: rosidl_typesupport_fastrtps_c;rosidl_typesupport_introspection_c
-- Using all available rosidl_typesupport_cpp: rosidl_typesupport_fastrtps_cpp;rosidl_typesupport_introspection_cpp
-- Found rosidl_default_generators: 1.2.0 (/opt/ros/humble/share/rosidl_default_generators/cmake)
-- Found ament_cmake_ros: 0.10.0 (/opt/ros/humble/share/ament_cmake_ros/cmake)
-- Using all available rosidl_typesupport_c: rosidl_typesupport_fastrtps_c;rosidl_typesupport_introspection_c
-- Using all available rosidl_typesupport_cpp: rosidl_typesupport_fastrtps_cpp;rosidl_typesupport_introspection_cpp
-- Found PythonInterp: /usr/bin/python3 (found suitable version "3.10.12", minimum required is "3.6") 
-- Found python_cmake_module: 0.10.0 (/opt/ros/humble/share/python_cmake_module/cmake)
-- Found PythonLibs: /usr/lib/x86_64-linux-gnu/libpython3.10.so (found suitable version "3.10.12", minimum required is "3.5") 
-- Using PYTHON_EXECUTABLE: /usr/bin/python3
-- Using PYTHON_INCLUDE_DIRS: /usr/include/python3.10
-- Using PYTHON_LIBRARIES: /usr/lib/x86_64-linux-gnu/libpython3.10.so
-- Found PythonExtra: .so  
-- Found ament_lint_auto: 0.12.14 (/opt/ros/humble/share/ament_lint_auto/cmake)
-- Added test 'lint_cmake' to check CMake code style
-- Added test 'xmllint' to check XML markup files
-- Configuring done
-- Generating done
-- Build files have been written to: /home/thrilok/ros_ws/build/bb_interfaces
[  3%] [34m[1mGenerating C code for ROS interfaces[0m
[  6%] [34m[1mGenerating C++ code for ROS interfaces[0m
[  6%] Built target ament_cmake_python_symlink_bb_interfaces
[  9%] [32mBuilding C object CMakeFiles/bb_interfaces__rosidl_generator_c.dir/rosidl_generator_c/bb_interfaces/msg/detail/custom_msg__functions.c.o[0m
running egg_info
creating bb_interfaces.egg-info
writing bb_interfaces.egg-info/PKG-INFO
writing dependency_links to bb_interfaces.egg-info/dependency_links.txt
writing top-level names to bb_interfaces.egg-info/top_level.txt
writing manifest file 'bb_interfaces.egg-info/SOURCES.txt'
reading manifest file 'bb_interfaces.egg-info/SOURCES.txt'
writing manifest file 'bb_interfaces.egg-info/SOURCES.txt'
[ 12%] [32m[1mLinking C shared library libbb_interfaces__rosidl_generator_c.so[0m
[ 12%] Built target ament_cmake_python_build_bb_interfaces_egg
[ 12%] Built target bb_interfaces__rosidl_generator_c
[ 12%] Built target bb_interfaces__cpp
[ 16%] [34m[1mGenerating C type support dispatch for ROS interfaces[0m
[ 19%] [34m[1mGenerating C introspection for ROS interfaces[0m
[ 22%] [34m[1mGenerating C type support for eProsima Fast-RTPS[0m
[ 29%] [34m[1mGenerating C++ type support dispatch for ROS interfaces[0m
[ 29%] [34m[1mGenerating C++ introspection for ROS interfaces[0m
[ 32%] [34m[1mGenerating C++ type support for eProsima Fast-RTPS[0m
[ 35%] [32mBuilding CXX object CMakeFiles/bb_interfaces__rosidl_typesupport_c.dir/rosidl_typesupport_c/bb_interfaces/msg/custom_msg__type_support.cpp.o[0m
[ 38%] [32mBuilding C object CMakeFiles/bb_interfaces__rosidl_typesupport_introspection_c.dir/rosidl_typesupport_introspection_c/bb_interfaces/msg/detail/custom_msg__type_support.c.o[0m
[ 41%] [32m[1mLinking CXX shared library libbb_interfaces__rosidl_typesupport_c.so[0m
[ 45%] [32m[1mLinking C shared library libbb_interfaces__rosidl_typesupport_introspection_c.so[0m
[ 48%] [32mBuilding CXX object CMakeFiles/bb_interfaces__rosidl_typesupport_cpp.dir/rosidl_typesupport_cpp/bb_interfaces/msg/custom_msg__type_support.cpp.o[0m
[ 48%] Built target bb_interfaces__rosidl_typesupport_c
[ 48%] Built target bb_interfaces__rosidl_typesupport_introspection_c
[ 51%] [32mBuilding CXX object CMakeFiles/bb_interfaces__rosidl_typesupport_introspection_cpp.dir/rosidl_typesupport_introspection_cpp/bb_interfaces/msg/detail/custom_msg__type_support.cpp.o[0m
[ 54%] [32mBuilding CXX object CMakeFiles/bb_interfaces__rosidl_typesupport_fastrtps_c.dir/rosidl_typesupport_fastrtps_c/bb_interfaces/msg/detail/custom_msg__type_support_c.cpp.o[0m
[ 58%] [32mBuilding CXX object CMakeFiles/bb_interfaces__rosidl_typesupport_fastrtps_cpp.dir/rosidl_typesupport_fastrtps_cpp/bb_interfaces/msg/detail/dds_fastrtps/custom_msg__type_support.cpp.o[0m
[ 61%] [32m[1mLinking CXX shared library libbb_interfaces__rosidl_typesupport_cpp.so[0m
[ 61%] Built target bb_interfaces__rosidl_typesupport_cpp
[ 64%] [32m[1mLinking CXX shared library libbb_interfaces__rosidl_typesupport_fastrtps_c.so[0m
[ 64%] Built target bb_interfaces__rosidl_typesupport_fastrtps_c
[ 67%] [32m[1mLinking CXX shared library libbb_interfaces__rosidl_typesupport_fastrtps_cpp.so[0m
[ 67%] Built target bb_interfaces__rosidl_typesupport_fastrtps_cpp
[ 70%] [32m[1mLinking CXX shared library libbb_interfaces__rosidl_typesupport_introspection_cpp.so[0m
[ 70%] Built target bb_interfaces__rosidl_typesupport_introspection_cpp
[ 70%] Built target bb_interfaces
[ 74%] [34m[1mGenerating Python code for ROS interfaces[0m
[ 74%] Built target bb_interfaces__py
[ 77%] [32mBuilding C object CMakeFiles/bb_interfaces__rosidl_generator_py.dir/rosidl_generator_py/bb_interfaces/msg/_custom_msg_s.c.o[0m
[ 80%] [32m[1mLinking C shared library rosidl_generator_py/bb_interfaces/libbb_interfaces__rosidl_generator_py.so[0m
[ 80%] Built target bb_interfaces__rosidl_generator_py
[ 83%] [32mBuilding C object CMakeFiles/bb_interfaces__rosidl_typesupport_introspection_c__pyext.dir/rosidl_generator_py/bb_interfaces/_bb_interfaces_s.ep.rosidl_typesupport_introspection_c.c.o[0m
[ 87%] [32mBuilding C object CMakeFiles/bb_interfaces__rosidl_typesupport_c__pyext.dir/rosidl_generator_py/bb_interfaces/_bb_interfaces_s.ep.rosidl_typesupport_c.c.o[0m
[ 90%] [32mBuilding C object CMakeFiles/bb_interfaces__rosidl_typesupport_fastrtps_c__pyext.dir/rosidl_generator_py/bb_interfaces/_bb_interfaces_s.ep.rosidl_typesupport_fastrtps_c.c.o[0m
[ 93%] [32m[1mLinking C shared library rosidl_generator_py/bb_interfaces/bb_interfaces_s__rosidl_typesupport_introspection_c.cpython-310-x86_64-linux-gnu.so[0m
[ 96%] [32m[1mLinking C shared library rosidl_generator_py/bb_interfaces/bb_interfaces_s__rosidl_typesupport_fastrtps_c.cpython-310-x86_64-linux-gnu.so[0m
[100%] [32m[1mLinking C shared library rosidl_generator_py/bb_interfaces/bb_interfaces_s__rosidl_typesupport_c.cpython-310-x86_64-linux-gnu.so[0m
[100%] Built target bb_interfaces__rosidl_typesupport_introspection_c__pyext
[100%] Built target bb_interfaces__rosidl_typesupport_fastrtps_c__pyext
[100%] Built target bb_interfaces__rosidl_typesupport_c__pyext
-- Install configuration: ""
-- Execute custom install script
-- Symlinking: /home/thrilok/ros_ws/install/bb_interfaces/share/ament_index/resource_index/rosidl_interfaces/bb_interfaces
-- Symlinking: /home/thrilok/ros_ws/install/bb_interfaces/include/bb_interfaces/bb_interfaces/msg/custom_msg.h
-- Symlinking: /home/thrilok/ros_ws/install/bb_interfaces/include/bb_interfaces/bb_interfaces/msg/detail/custom_msg__functions.h
-- Symlinking: /home/thrilok/ros_ws/install/bb_interfaces/include/bb_interfaces/bb_interfaces/msg/detail/custom_msg__struct.h
-- Symlinking: /home/thrilok/ros_ws/install/bb_interfaces/include/bb_interfaces/bb_interfaces/msg/detail/custom_msg__type_support.h
-- Symlinking: /home/thrilok/ros_ws/install/bb_interfaces/include/bb_interfaces/bb_interfaces/msg/rosidl_generator_c__visibility_control.h
-- Symlinking: /home/thrilok/ros_ws/install/bb_interfaces/share/bb_interfaces/environment/library_path.sh
-- Symlinking: /home/thrilok/ros_ws/install/bb_interfaces/share/bb_interfaces/environment/library_path.dsv
-- Symlinking: /home/thrilok/ros_ws/install/bb_interfaces/include/bb_interfaces/bb_interfaces/msg/detail/custom_msg__rosidl_typesupport_fastrtps_c.h
-- Symlinking: /home/thrilok/ros_ws/install/bb_interfaces/include/bb_interfaces/bb_interfaces/msg/rosidl_typesupport_fastrtps_c__visibility_control.h
-- Symlinking: /home/thrilok/ros_ws/install/bb_interfaces/include/bb_interfaces/bb_interfaces/msg/custom_msg.hpp
-- Symlinking: /home/thrilok/ros_ws/install/bb_interfaces/include/bb_interfaces/bb_interfaces/msg/detail/custom_msg__builder.hpp
-- Symlinking: /home/thrilok/ros_ws/install/bb_interfaces/include/bb_interfaces/bb_interfaces/msg/detail/custom_msg__struct.hpp
-- Symlinking: /home/thrilok/ros_ws/install/bb_interfaces/include/bb_interfaces/bb_interfaces/msg/detail/custom_msg__traits.hpp
-- Symlinking: /home/thrilok/ros_ws/install/bb_interfaces/include/bb_interfaces/bb_interfaces/msg/detail/custom_msg__type_support.hpp
-- Symlinking: /home/thrilok/ros_ws/install/bb_interfaces/include/bb_interfaces/bb_interfaces/msg/rosidl_generator_cpp__visibility_control.hpp
-- Symlinking: /home/thrilok/ros_ws/install/bb_interfaces/include/bb_interfaces/bb_interfaces/msg/detail/custom_msg__rosidl_typesupport_fastrtps_cpp.hpp
-- Symlinking: /home/thrilok/ros_ws/install/bb_interfaces/include/bb_interfaces/bb_interfaces/msg/rosidl_typesupport_fastrtps_cpp__visibility_control.h
-- Symlinking: /home/thrilok/ros_ws/install/bb_interfaces/include/bb_interfaces/bb_interfaces/msg/detail/custom_msg__rosidl_typesupport_introspection_c.h
-- Symlinking: /home/thrilok/ros_ws/install/bb_interfaces/include/bb_interfaces/bb_interfaces/msg/rosidl_typesupport_introspection_c__visibility_control.h
-- Symlinking: /home/thrilok/ros_ws/install/bb_interfaces/include/bb_interfaces/bb_interfaces/msg/detail/custom_msg__rosidl_typesupport_introspection_cpp.hpp
-- Symlinking: /home/thrilok/ros_ws/install/bb_interfaces/share/bb_interfaces/environment/pythonpath.sh
-- Symlinking: /home/thrilok/ros_ws/install/bb_interfaces/share/bb_interfaces/environment/pythonpath.dsv
-- Symlinking: /home/thrilok/ros_ws/install/bb_interfaces/local/lib/python3.10/dist-packages/bb_interfaces-0.0.0-py3.10.egg-info/PKG-INFO
-- Symlinking: /home/thrilok/ros_ws/install/bb_interfaces/local/lib/python3.10/dist-packages/bb_interfaces-0.0.0-py3.10.egg-info/SOURCES.txt
-- Symlinking: /home/thrilok/ros_ws/install/bb_interfaces/local/lib/python3.10/dist-packages/bb_interfaces-0.0.0-py3.10.egg-info/dependency_links.txt
-- Symlinking: /home/thrilok/ros_ws/install/bb_interfaces/local/lib/python3.10/dist-packages/bb_interfaces-0.0.0-py3.10.egg-info/top_level.txt
-- Symlinking: /home/thrilok/ros_ws/install/bb_interfaces/local/lib/python3.10/dist-packages/bb_interfaces/__init__.py
-- Symlinking: /home/thrilok/ros_ws/install/bb_interfaces/local/lib/python3.10/dist-packages/bb_interfaces/_bb_interfaces_s.ep.rosidl_typesupport_c.c
-- Symlinking: /home/thrilok/ros_ws/install/bb_interfaces/local/lib/python3.10/dist-packages/bb_interfaces/_bb_interfaces_s.ep.rosidl_typesupport_fastrtps_c.c
-- Symlinking: /home/thrilok/ros_ws/install/bb_interfaces/local/lib/python3.10/dist-packages/bb_interfaces/_bb_interfaces_s.ep.rosidl_typesupport_introspection_c.c
-- Symlinking: /home/thrilok/ros_ws/install/bb_interfaces/local/lib/python3.10/dist-packages/bb_interfaces/bb_interfaces_s__rosidl_typesupport_c.cpython-310-x86_64-linux-gnu.so
-- Symlinking: /home/thrilok/ros_ws/install/bb_interfaces/local/lib/python3.10/dist-packages/bb_interfaces/bb_interfaces_s__rosidl_typesupport_fastrtps_c.cpython-310-x86_64-linux-gnu.so
-- Symlinking: /home/thrilok/ros_ws/install/bb_interfaces/local/lib/python3.10/dist-packages/bb_interfaces/bb_interfaces_s__rosidl_typesupport_introspection_c.cpython-310-x86_64-linux-gnu.so
-- Symlinking: /home/thrilok/ros_ws/install/bb_interfaces/local/lib/python3.10/dist-packages/bb_interfaces/libbb_interfaces__rosidl_generator_py.so
-- Symlinking: /home/thrilok/ros_ws/install/bb_interfaces/local/lib/python3.10/dist-packages/bb_interfaces/msg/__init__.py
-- Symlinking: /home/thrilok/ros_ws/install/bb_interfaces/local/lib/python3.10/dist-packages/bb_interfaces/msg/_custom_msg.py
-- Symlinking: /home/thrilok/ros_ws/install/bb_interfaces/local/lib/python3.10/dist-packages/bb_interfaces/msg/_custom_msg_s.c
-- Up-to-date symlink: /home/thrilok/ros_ws/install/bb_interfaces/local/lib/python3.10/dist-packages/bb_interfaces/bb_interfaces_s__rosidl_typesupport_fastrtps_c.cpython-310-x86_64-linux-gnu.so
-- Up-to-date symlink: /home/thrilok/ros_ws/install/bb_interfaces/local/lib/python3.10/dist-packages/bb_interfaces/bb_interfaces_s__rosidl_typesupport_introspection_c.cpython-310-x86_64-linux-gnu.so
-- Up-to-date symlink: /home/thrilok/ros_ws/install/bb_interfaces/local/lib/python3.10/dist-packages/bb_interfaces/bb_interfaces_s__rosidl_typesupport_c.cpython-310-x86_64-linux-gnu.so
-- Symlinking: /home/thrilok/ros_ws/install/bb_interfaces/share/bb_interfaces/msg/CustomMsg.idl
-- Symlinking: /home/thrilok/ros_ws/install/bb_interfaces/share/bb_interfaces/msg/CustomMsg.msg
-- Symlinking: /home/thrilok/ros_ws/install/bb_interfaces/share/ament_index/resource_index/package_run_dependencies/bb_interfaces
-- Symlinking: /home/thrilok/ros_ws/install/bb_interfaces/share/ament_index/resource_index/parent_prefix_path/bb_interfaces
-- Symlinking: /home/thrilok/ros_ws/install/bb_interfaces/share/bb_interfaces/environment/ament_prefix_path.sh
-- Symlinking: /home/thrilok/ros_ws/install/bb_interfaces/share/bb_interfaces/environment/ament_prefix_path.dsv
-- Symlinking: /home/thrilok/ros_ws/install/bb_interfaces/share/bb_interfaces/environment/path.sh
-- Symlinking: /home/thrilok/ros_ws/install/bb_interfaces/share/bb_interfaces/environment/path.dsv
-- Symlinking: /home/thrilok/ros_ws/install/bb_interfaces/share/bb_interfaces/local_setup.bash
-- Symlinking: /home/thrilok/ros_ws/install/bb_interfaces/share/bb_interfaces/local_setup.sh
-- Symlinking: /home/thrilok/ros_ws/install/bb_interfaces/share/bb_interfaces/local_setup.zsh
-- Symlinking: /home/thrilok/ros_ws/install/bb_interfaces/share/bb_interfaces/local_setup.dsv
-- Symlinking: /home/thrilok/ros_ws/install/bb_interfaces/share/bb_interfaces/package.dsv
-- Symlinking: /home/thrilok/ros_ws/install/bb_interfaces/share/ament_index/resource_index/packages/bb_interfaces
-- Symlinking: /home/thrilok/ros_ws/install/bb_interfaces/share/bb_interfaces/cmake/rosidl_cmake-extras.cmake
-- Symlinking: /home/thrilok/ros_ws/install/bb_interfaces/share/bb_interfaces/cmake/ament_cmake_export_dependencies-extras.cmake
-- Symlinking: /home/thrilok/ros_ws/install/bb_interfaces/share/bb_interfaces/cmake/ament_cmake_export_include_directories-extras.cmake
-- Symlinking: /home/thrilok/ros_ws/install/bb_interfaces/share/bb_interfaces/cmake/ament_cmake_export_libraries-extras.cmake
-- Symlinking: /home/thrilok/ros_ws/install/bb_interfaces/share/bb_interfaces/cmake/ament_cmake_export_targets-extras.cmake
-- Symlinking: /home/thrilok/ros_ws/install/bb_interfaces/share/bb_interfaces/cmake/rosidl_cmake_export_typesupport_targets-extras.cmake
-- Symlinking: /home/thrilok/ros_ws/install/bb_interfaces/share/bb_interfaces/cmake/rosidl_cmake_export_typesupport_libraries-extras.cmake
-- Symlinking: /home/thrilok/ros_ws/install/bb_interfaces/share/bb_interfaces/cmake/bb_interfacesConfig.cmake
-- Symlinking: /home/thrilok/ros_ws/install/bb_interfaces/share/bb_interfaces/cmake/bb_interfacesConfig-version.cmake
-- Symlinking: /home/thrilok/ros_ws/install/bb_interfaces/share/bb_interfaces/package.xml
-- Installing: /home/thrilok/ros_ws/install/bb_interfaces/lib/libbb_interfaces__rosidl_generator_c.so
-- Set runtime path of "/home/thrilok/ros_ws/install/bb_interfaces/lib/libbb_interfaces__rosidl_generator_c.so" to ""
-- Installing: /home/thrilok/ros_ws/install/bb_interfaces/lib/libbb_interfaces__rosidl_typesupport_fastrtps_c.so
-- Set runtime path of "/home/thrilok/ros_ws/install/bb_interfaces/lib/libbb_interfaces__rosidl_typesupport_fastrtps_c.so" to ""
-- Installing: /home/thrilok/ros_ws/install/bb_interfaces/lib/libbb_interfaces__rosidl_typesupport_fastrtps_cpp.so
-- Set runtime path of "/home/thrilok/ros_ws/install/bb_interfaces/lib/libbb_interfaces__rosidl_typesupport_fastrtps_cpp.so" to ""
-- Installing: /home/thrilok/ros_ws/install/bb_interfaces/lib/libbb_interfaces__rosidl_typesupport_introspection_c.so
-- Set runtime path of "/home/thrilok/ros_ws/install/bb_interfaces/lib/libbb_interfaces__rosidl_typesupport_introspection_c.so" to ""
-- Installing: /home/thrilok/ros_ws/install/bb_interfaces/lib/libbb_interfaces__rosidl_typesupport_c.so
-- Set runtime path of "/home/thrilok/ros_ws/install/bb_interfaces/lib/libbb_interfaces__rosidl_typesupport_c.so" to ""
-- Installing: /home/thrilok/ros_ws/install/bb_interfaces/lib/libbb_interfaces__rosidl_typesupport_introspection_cpp.so
-- Set runtime path of "/home/thrilok/ros_ws/install/bb_interfaces/lib/libbb_interfaces__rosidl_typesupport_introspection_cpp.so" to ""
-- Installing: /home/thrilok/ros_ws/install/bb_interfaces/lib/libbb_interfaces__rosidl_typesupport_cpp.so
-- Set runtime path of "/home/thrilok/ros_ws/install/bb_interfaces/lib/libbb_interfaces__rosidl_typesupport_cpp.so" to ""
Listing '/home/thrilok/ros_ws/install/bb_interfaces/local/lib/python3.10/dist-packages/bb_interfaces'...
Compiling '/home/thrilok/ros_ws/install/bb_interfaces/local/lib/python3.10/dist-packages/bb_interfaces/__init__.py'...
Listing '/home/thrilok/ros_ws/install/bb_interfaces/local/lib/python3.10/dist-packages/bb_interfaces/msg'...
Compiling '/home/thrilok/ros_ws/install/bb_interfaces/local/lib/python3.10/dist-packages/bb_interfaces/msg/__init__.py'...
Compiling '/home/thrilok/ros_ws/install/bb_interfaces/local/lib/python3.10/dist-packages/bb_interfaces/msg/_custom_msg.py'...
-- Installing: /home/thrilok/ros_ws/install/bb_interfaces/lib/libbb_interfaces__rosidl_generator_py.so
-- Set runtime path of "/home/thrilok/ros_ws/install/bb_interfaces/lib/libbb_interfaces__rosidl_generator_py.so" to ""
-- Installing: /home/thrilok/ros_ws/install/bb_interfaces/share/bb_interfaces/cmake/export_bb_interfaces__rosidl_generator_cExport.cmake
-- Installing: /home/thrilok/ros_ws/install/bb_interfaces/share/bb_interfaces/cmake/export_bb_interfaces__rosidl_generator_cExport-noconfig.cmake
-- Installing: /home/thrilok/ros_ws/install/bb_interfaces/share/bb_interfaces/cmake/export_bb_interfaces__rosidl_typesupport_fastrtps_cExport.cmake
-- Installing: /home/thrilok/ros_ws/install/bb_interfaces/share/bb_interfaces/cmake/export_bb_interfaces__rosidl_typesupport_fastrtps_cExport-noconfig.cmake
-- Installing: /home/thrilok/ros_ws/install/bb_interfaces/share/bb_interfaces/cmake/export_bb_interfaces__rosidl_generator_cppExport.cmake
-- Installing: /home/thrilok/ros_ws/install/bb_interfaces/share/bb_interfaces/cmake/export_bb_interfaces__rosidl_typesupport_fastrtps_cppExport.cmake
-- Installing: /home/thrilok/ros_ws/install/bb_interfaces/share/bb_interfaces/cmake/export_bb_interfaces__rosidl_typesupport_fastrtps_cppExport-noconfig.cmake
-- Installing: /home/thrilok/ros_ws/install/bb_interfaces/share/bb_interfaces/cmake/bb_interfaces__rosidl_typesupport_introspection_cExport.cmake
-- Installing: /home/thrilok/ros_ws/install/bb_interfaces/share/bb_interfaces/cmake/bb_interfaces__rosidl_typesupport_introspection_cExport-noconfig.cmake
-- Installing: /home/thrilok/ros_ws/install/bb_interfaces/share/bb_interfaces/cmake/bb_interfaces__rosidl_typesupport_cExport.cmake
-- Installing: /home/thrilok/ros_ws/install/bb_interfaces/share/bb_interfaces/cmake/bb_interfaces__rosidl_typesupport_cExport-noconfig.cmake
-- Installing: /home/thrilok/ros_ws/install/bb_interfaces/share/bb_interfaces/cmake/bb_interfaces__rosidl_typesupport_introspection_cppExport.cmake
-- Installing: /home/thrilok/ros_ws/install/bb_interfaces/share/bb_interfaces/cmake/bb_interfaces__rosidl_typesupport_introspection_cppExport-noconfig.cmake
-- Installing: /home/thrilok/ros_ws/install/bb_interfaces/share/bb_interfaces/cmake/bb_interfaces__rosidl_typesupport_cppExport.cmake
-- Installing: /home/thrilok/ros_ws/install/bb_interfaces/share/bb_interfaces/cmake/bb_interfaces__rosidl_typesupport_cppExport-noconfig.cmake
-- Installing: /home/thrilok/ros_ws/install/bb_interfaces/share/bb_interfaces/cmake/export_bb_interfaces__rosidl_generator_pyExport.cmake
-- Installing: /home/thrilok/ros_ws/install/bb_interfaces/share/bb_interfaces/cmake/export_bb_interfaces__rosidl_generator_pyExport-noconfig.cmake
