[0.011s] Invoking command in '/home/thrilok/ros_ws/build/bb_interfaces': CMAKE_PREFIX_PATH=${CMAKE_PREFIX_PATH}:/home/thrilok/butler_ws/install/butler_robot:/home/thrilok/butler_ws/install/butler_bot:/home/thrilok/ros_ws/install/butler_bot:/home/thrilok/turtlebot3_ws/install/turtlebot3_teleop:/home/thrilok/turtlebot3_ws/install/turtlebot3_example:/home/thrilok/robot_ws/install/task_manager:/home/thrilok/robot_ws/install/robot_agent:/opt/ros/humble /usr/bin/cmake /home/thrilok/ros_ws/src/Cafe/bb_interfaces -DAMENT_CMAKE_SYMLINK_INSTALL=1 -DCMAKE_INSTALL_PREFIX=/home/thrilok/ros_ws/install/bb_interfaces
[0.058s] -- The C compiler identification is GNU 11.4.0
[0.099s] -- The CXX compiler identification is GNU 11.4.0
[0.104s] -- Detecting C compiler ABI info
[0.165s] -- Detecting C compiler ABI info - done
[0.172s] -- Check for working C compiler: /usr/bin/cc - skipped
[0.172s] -- Detecting C compile features
[0.172s] -- Detecting C compile features - done
[0.175s] -- Detecting CXX compiler ABI info
[0.242s] -- Detecting CXX compiler ABI info - done
[0.250s] -- Check for working CXX compiler: /usr/bin/c++ - skipped
[0.250s] -- Detecting CXX compile features
[0.250s] -- Detecting CXX compile features - done
[0.255s] -- Found ament_cmake: 1.3.12 (/opt/ros/humble/share/ament_cmake/cmake)
[0.392s] -- Found Python3: /usr/bin/python3 (found version "3.10.12") found components: Interpreter 
[0.442s] -- Override CMake install command with custom implementation using symlinks instead of copying resources
[0.475s] -- Found geometry_msgs: 4.9.0 (/opt/ros/humble/share/geometry_msgs/cmake)
[0.510s] -- Found rosidl_generator_c: 3.1.7 (/opt/ros/humble/share/rosidl_generator_c/cmake)
[0.514s] -- Found rosidl_adapter: 3.1.7 (/opt/ros/humble/share/rosidl_adapter/cmake)
[0.521s] -- Found rosidl_generator_cpp: 3.1.7 (/opt/ros/humble/share/rosidl_generator_cpp/cmake)
[0.531s] -- Using all available rosidl_typesupport_c: rosidl_typesupport_fastrtps_c;rosidl_typesupport_introspection_c
[0.543s] -- Using all available rosidl_typesupport_cpp: rosidl_typesupport_fastrtps_cpp;rosidl_typesupport_introspection_cpp
[0.571s] -- Found rosidl_default_generators: 1.2.0 (/opt/ros/humble/share/rosidl_default_generators/cmake)
[0.799s] -- Found ament_cmake_ros: 0.10.0 (/opt/ros/humble/share/ament_cmake_ros/cmake)
[1.094s] -- Using all available rosidl_typesupport_c: rosidl_typesupport_fastrtps_c;rosidl_typesupport_introspection_c
[1.207s] -- Using all available rosidl_typesupport_cpp: rosidl_typesupport_fastrtps_cpp;rosidl_typesupport_introspection_cpp
[1.224s] -- Found PythonInterp: /usr/bin/python3 (found suitable version "3.10.12", minimum required is "3.6") 
[1.226s] -- Found python_cmake_module: 0.10.0 (/opt/ros/humble/share/python_cmake_module/cmake)
[1.249s] -- Found PythonLibs: /usr/lib/x86_64-linux-gnu/libpython3.10.so (found suitable version "3.10.12", minimum required is "3.5") 
[1.249s] -- Using PYTHON_EXECUTABLE: /usr/bin/python3
[1.249s] -- Using PYTHON_INCLUDE_DIRS: /usr/include/python3.10
[1.249s] -- Using PYTHON_LIBRARIES: /usr/lib/x86_64-linux-gnu/libpython3.10.so
[1.268s] -- Found PythonExtra: .so  
[1.312s] -- Found ament_lint_auto: 0.12.14 (/opt/ros/humble/share/ament_lint_auto/cmake)
[1.327s] -- Added test 'lint_cmake' to check CMake code style
[1.328s] -- Added test 'xmllint' to check XML markup files
[1.330s] -- Configuring done
[1.346s] -- Generating done
[1.352s] -- Build files have been written to: /home/thrilok/ros_ws/build/bb_interfaces
[1.358s] Invoked command in '/home/thrilok/ros_ws/build/bb_interfaces' returned '0': CMAKE_PREFIX_PATH=${CMAKE_PREFIX_PATH}:/home/thrilok/butler_ws/install/butler_robot:/home/thrilok/butler_ws/install/butler_bot:/home/thrilok/ros_ws/install/butler_bot:/home/thrilok/turtlebot3_ws/install/turtlebot3_teleop:/home/thrilok/turtlebot3_ws/install/turtlebot3_example:/home/thrilok/robot_ws/install/task_manager:/home/thrilok/robot_ws/install/robot_agent:/opt/ros/humble /usr/bin/cmake /home/thrilok/ros_ws/src/Cafe/bb_interfaces -DAMENT_CMAKE_SYMLINK_INSTALL=1 -DCMAKE_INSTALL_PREFIX=/home/thrilok/ros_ws/install/bb_interfaces
[1.360s] Invoking command in '/home/thrilok/ros_ws/build/bb_interfaces': CMAKE_PREFIX_PATH=${CMAKE_PREFIX_PATH}:/home/thrilok/butler_ws/install/butler_robot:/home/thrilok/butler_ws/install/butler_bot:/home/thrilok/ros_ws/install/butler_bot:/home/thrilok/turtlebot3_ws/install/turtlebot3_teleop:/home/thrilok/turtlebot3_ws/install/turtlebot3_example:/home/thrilok/robot_ws/install/task_manager:/home/thrilok/robot_ws/install/robot_agent:/opt/ros/humble /usr/bin/cmake --build /home/thrilok/ros_ws/build/bb_interfaces -- -j12 -l12
[1.395s] [  3%] [34m[1mGenerating C code for ROS interfaces[0m
[1.404s] [  6%] [34m[1mGenerating C++ code for ROS interfaces[0m
[1.411s] [  6%] Built target ament_cmake_python_symlink_bb_interfaces
[1.563s] [  9%] [32mBuilding C object CMakeFiles/bb_interfaces__rosidl_generator_c.dir/rosidl_generator_c/bb_interfaces/msg/detail/custom_msg__functions.c.o[0m
[1.584s] running egg_info
[1.585s] creating bb_interfaces.egg-info
[1.585s] writing bb_interfaces.egg-info/PKG-INFO
[1.585s] writing dependency_links to bb_interfaces.egg-info/dependency_links.txt
[1.585s] writing top-level names to bb_interfaces.egg-info/top_level.txt
[1.585s] writing manifest file 'bb_interfaces.egg-info/SOURCES.txt'
[1.588s] reading manifest file 'bb_interfaces.egg-info/SOURCES.txt'
[1.588s] writing manifest file 'bb_interfaces.egg-info/SOURCES.txt'
[1.599s] [ 12%] [32m[1mLinking C shared library libbb_interfaces__rosidl_generator_c.so[0m
[1.607s] [ 12%] Built target ament_cmake_python_build_bb_interfaces_egg
[1.629s] [ 12%] Built target bb_interfaces__rosidl_generator_c
[1.636s] [ 12%] Built target bb_interfaces__cpp
[1.638s] [ 16%] [34m[1mGenerating C type support dispatch for ROS interfaces[0m
[1.639s] [ 19%] [34m[1mGenerating C introspection for ROS interfaces[0m
[1.639s] [ 22%] [34m[1mGenerating C type support for eProsima Fast-RTPS[0m
[1.646s] [ 29%] [34m[1mGenerating C++ type support dispatch for ROS interfaces[0m
[1.646s] [ 29%] [34m[1mGenerating C++ introspection for ROS interfaces[0m
[1.647s] [ 32%] [34m[1mGenerating C++ type support for eProsima Fast-RTPS[0m
[1.796s] [ 35%] [32mBuilding CXX object CMakeFiles/bb_interfaces__rosidl_typesupport_c.dir/rosidl_typesupport_c/bb_interfaces/msg/custom_msg__type_support.cpp.o[0m
[1.811s] [ 38%] [32mBuilding C object CMakeFiles/bb_interfaces__rosidl_typesupport_introspection_c.dir/rosidl_typesupport_introspection_c/bb_interfaces/msg/detail/custom_msg__type_support.c.o[0m
[1.822s] [ 41%] [32m[1mLinking CXX shared library libbb_interfaces__rosidl_typesupport_c.so[0m
[1.845s] [ 45%] [32m[1mLinking C shared library libbb_interfaces__rosidl_typesupport_introspection_c.so[0m
[1.854s] [ 48%] [32mBuilding CXX object CMakeFiles/bb_interfaces__rosidl_typesupport_cpp.dir/rosidl_typesupport_cpp/bb_interfaces/msg/custom_msg__type_support.cpp.o[0m
[1.863s] [ 48%] Built target bb_interfaces__rosidl_typesupport_c
[1.871s] [ 48%] Built target bb_interfaces__rosidl_typesupport_introspection_c
[1.909s] [ 51%] [32mBuilding CXX object CMakeFiles/bb_interfaces__rosidl_typesupport_introspection_cpp.dir/rosidl_typesupport_introspection_cpp/bb_interfaces/msg/detail/custom_msg__type_support.cpp.o[0m
[1.909s] [ 54%] [32mBuilding CXX object CMakeFiles/bb_interfaces__rosidl_typesupport_fastrtps_c.dir/rosidl_typesupport_fastrtps_c/bb_interfaces/msg/detail/custom_msg__type_support_c.cpp.o[0m
[1.913s] [ 58%] [32mBuilding CXX object CMakeFiles/bb_interfaces__rosidl_typesupport_fastrtps_cpp.dir/rosidl_typesupport_fastrtps_cpp/bb_interfaces/msg/detail/dds_fastrtps/custom_msg__type_support.cpp.o[0m
[2.014s] [ 61%] [32m[1mLinking CXX shared library libbb_interfaces__rosidl_typesupport_cpp.so[0m
[2.057s] [ 61%] Built target bb_interfaces__rosidl_typesupport_cpp
[2.106s] [ 64%] [32m[1mLinking CXX shared library libbb_interfaces__rosidl_typesupport_fastrtps_c.so[0m
[2.163s] [ 64%] Built target bb_interfaces__rosidl_typesupport_fastrtps_c
[2.176s] [ 67%] [32m[1mLinking CXX shared library libbb_interfaces__rosidl_typesupport_fastrtps_cpp.so[0m
[2.231s] [ 67%] Built target bb_interfaces__rosidl_typesupport_fastrtps_cpp
[2.241s] [ 70%] [32m[1mLinking CXX shared library libbb_interfaces__rosidl_typesupport_introspection_cpp.so[0m
[2.272s] [ 70%] Built target bb_interfaces__rosidl_typesupport_introspection_cpp
[2.292s] [ 70%] Built target bb_interfaces
[2.313s] [ 74%] [34m[1mGenerating Python code for ROS interfaces[0m
[2.485s] [ 74%] Built target bb_interfaces__py
[2.506s] [ 77%] [32mBuilding C object CMakeFiles/bb_interfaces__rosidl_generator_py.dir/rosidl_generator_py/bb_interfaces/msg/_custom_msg_s.c.o[0m
[2.570s] [ 80%] [32m[1mLinking C shared library rosidl_generator_py/bb_interfaces/libbb_interfaces__rosidl_generator_py.so[0m
[2.605s] [ 80%] Built target bb_interfaces__rosidl_generator_py
[2.622s] [ 83%] [32mBuilding C object CMakeFiles/bb_interfaces__rosidl_typesupport_introspection_c__pyext.dir/rosidl_generator_py/bb_interfaces/_bb_interfaces_s.ep.rosidl_typesupport_introspection_c.c.o[0m
[2.624s] [ 87%] [32mBuilding C object CMakeFiles/bb_interfaces__rosidl_typesupport_c__pyext.dir/rosidl_generator_py/bb_interfaces/_bb_interfaces_s.ep.rosidl_typesupport_c.c.o[0m
[2.625s] [ 90%] [32mBuilding C object CMakeFiles/bb_interfaces__rosidl_typesupport_fastrtps_c__pyext.dir/rosidl_generator_py/bb_interfaces/_bb_interfaces_s.ep.rosidl_typesupport_fastrtps_c.c.o[0m
[2.683s] [ 93%] [32m[1mLinking C shared library rosidl_generator_py/bb_interfaces/bb_interfaces_s__rosidl_typesupport_introspection_c.cpython-310-x86_64-linux-gnu.so[0m
[2.684s] [ 96%] [32m[1mLinking C shared library rosidl_generator_py/bb_interfaces/bb_interfaces_s__rosidl_typesupport_fastrtps_c.cpython-310-x86_64-linux-gnu.so[0m
[2.709s] [100%] [32m[1mLinking C shared library rosidl_generator_py/bb_interfaces/bb_interfaces_s__rosidl_typesupport_c.cpython-310-x86_64-linux-gnu.so[0m
[2.711s] [100%] Built target bb_interfaces__rosidl_typesupport_introspection_c__pyext
[2.715s] [100%] Built target bb_interfaces__rosidl_typesupport_fastrtps_c__pyext
[2.741s] [100%] Built target bb_interfaces__rosidl_typesupport_c__pyext
[2.753s] Invoked command in '/home/thrilok/ros_ws/build/bb_interfaces' returned '0': CMAKE_PREFIX_PATH=${CMAKE_PREFIX_PATH}:/home/thrilok/butler_ws/install/butler_robot:/home/thrilok/butler_ws/install/butler_bot:/home/thrilok/ros_ws/install/butler_bot:/home/thrilok/turtlebot3_ws/install/turtlebot3_teleop:/home/thrilok/turtlebot3_ws/install/turtlebot3_example:/home/thrilok/robot_ws/install/task_manager:/home/thrilok/robot_ws/install/robot_agent:/opt/ros/humble /usr/bin/cmake --build /home/thrilok/ros_ws/build/bb_interfaces -- -j12 -l12
[2.764s] Invoking command in '/home/thrilok/ros_ws/build/bb_interfaces': CMAKE_PREFIX_PATH=${CMAKE_PREFIX_PATH}:/home/thrilok/butler_ws/install/butler_robot:/home/thrilok/butler_ws/install/butler_bot:/home/thrilok/ros_ws/install/butler_bot:/home/thrilok/turtlebot3_ws/install/turtlebot3_teleop:/home/thrilok/turtlebot3_ws/install/turtlebot3_example:/home/thrilok/robot_ws/install/task_manager:/home/thrilok/robot_ws/install/robot_agent:/opt/ros/humble /usr/bin/cmake --install /home/thrilok/ros_ws/build/bb_interfaces
[2.770s] -- Install configuration: ""
[2.770s] -- Execute custom install script
[2.770s] -- Symlinking: /home/thrilok/ros_ws/install/bb_interfaces/share/ament_index/resource_index/rosidl_interfaces/bb_interfaces
[2.783s] -- Symlinking: /home/thrilok/ros_ws/install/bb_interfaces/include/bb_interfaces/bb_interfaces/msg/custom_msg.h
[2.792s] -- Symlinking: /home/thrilok/ros_ws/install/bb_interfaces/include/bb_interfaces/bb_interfaces/msg/detail/custom_msg__functions.h
[2.798s] -- Symlinking: /home/thrilok/ros_ws/install/bb_interfaces/include/bb_interfaces/bb_interfaces/msg/detail/custom_msg__struct.h
[2.806s] -- Symlinking: /home/thrilok/ros_ws/install/bb_interfaces/include/bb_interfaces/bb_interfaces/msg/detail/custom_msg__type_support.h
[2.811s] -- Symlinking: /home/thrilok/ros_ws/install/bb_interfaces/include/bb_interfaces/bb_interfaces/msg/rosidl_generator_c__visibility_control.h
[2.818s] -- Symlinking: /home/thrilok/ros_ws/install/bb_interfaces/share/bb_interfaces/environment/library_path.sh
[2.824s] -- Symlinking: /home/thrilok/ros_ws/install/bb_interfaces/share/bb_interfaces/environment/library_path.dsv
[2.831s] -- Symlinking: /home/thrilok/ros_ws/install/bb_interfaces/include/bb_interfaces/bb_interfaces/msg/detail/custom_msg__rosidl_typesupport_fastrtps_c.h
[2.839s] -- Symlinking: /home/thrilok/ros_ws/install/bb_interfaces/include/bb_interfaces/bb_interfaces/msg/rosidl_typesupport_fastrtps_c__visibility_control.h
[2.848s] -- Symlinking: /home/thrilok/ros_ws/install/bb_interfaces/include/bb_interfaces/bb_interfaces/msg/custom_msg.hpp
[2.856s] -- Symlinking: /home/thrilok/ros_ws/install/bb_interfaces/include/bb_interfaces/bb_interfaces/msg/detail/custom_msg__builder.hpp
[2.862s] -- Symlinking: /home/thrilok/ros_ws/install/bb_interfaces/include/bb_interfaces/bb_interfaces/msg/detail/custom_msg__struct.hpp
[2.868s] -- Symlinking: /home/thrilok/ros_ws/install/bb_interfaces/include/bb_interfaces/bb_interfaces/msg/detail/custom_msg__traits.hpp
[2.875s] -- Symlinking: /home/thrilok/ros_ws/install/bb_interfaces/include/bb_interfaces/bb_interfaces/msg/detail/custom_msg__type_support.hpp
[2.880s] -- Symlinking: /home/thrilok/ros_ws/install/bb_interfaces/include/bb_interfaces/bb_interfaces/msg/rosidl_generator_cpp__visibility_control.hpp
[2.886s] -- Symlinking: /home/thrilok/ros_ws/install/bb_interfaces/include/bb_interfaces/bb_interfaces/msg/detail/custom_msg__rosidl_typesupport_fastrtps_cpp.hpp
[2.892s] -- Symlinking: /home/thrilok/ros_ws/install/bb_interfaces/include/bb_interfaces/bb_interfaces/msg/rosidl_typesupport_fastrtps_cpp__visibility_control.h
[2.898s] -- Symlinking: /home/thrilok/ros_ws/install/bb_interfaces/include/bb_interfaces/bb_interfaces/msg/detail/custom_msg__rosidl_typesupport_introspection_c.h
[2.904s] -- Symlinking: /home/thrilok/ros_ws/install/bb_interfaces/include/bb_interfaces/bb_interfaces/msg/rosidl_typesupport_introspection_c__visibility_control.h
[2.910s] -- Symlinking: /home/thrilok/ros_ws/install/bb_interfaces/include/bb_interfaces/bb_interfaces/msg/detail/custom_msg__rosidl_typesupport_introspection_cpp.hpp
[2.916s] -- Symlinking: /home/thrilok/ros_ws/install/bb_interfaces/share/bb_interfaces/environment/pythonpath.sh
[2.921s] -- Symlinking: /home/thrilok/ros_ws/install/bb_interfaces/share/bb_interfaces/environment/pythonpath.dsv
[2.928s] -- Symlinking: /home/thrilok/ros_ws/install/bb_interfaces/local/lib/python3.10/dist-packages/bb_interfaces-0.0.0-py3.10.egg-info/PKG-INFO
[2.935s] -- Symlinking: /home/thrilok/ros_ws/install/bb_interfaces/local/lib/python3.10/dist-packages/bb_interfaces-0.0.0-py3.10.egg-info/SOURCES.txt
[2.942s] -- Symlinking: /home/thrilok/ros_ws/install/bb_interfaces/local/lib/python3.10/dist-packages/bb_interfaces-0.0.0-py3.10.egg-info/dependency_links.txt
[2.951s] -- Symlinking: /home/thrilok/ros_ws/install/bb_interfaces/local/lib/python3.10/dist-packages/bb_interfaces-0.0.0-py3.10.egg-info/top_level.txt
[2.958s] -- Symlinking: /home/thrilok/ros_ws/install/bb_interfaces/local/lib/python3.10/dist-packages/bb_interfaces/__init__.py
[2.964s] -- Symlinking: /home/thrilok/ros_ws/install/bb_interfaces/local/lib/python3.10/dist-packages/bb_interfaces/_bb_interfaces_s.ep.rosidl_typesupport_c.c
[2.973s] -- Symlinking: /home/thrilok/ros_ws/install/bb_interfaces/local/lib/python3.10/dist-packages/bb_interfaces/_bb_interfaces_s.ep.rosidl_typesupport_fastrtps_c.c
[2.982s] -- Symlinking: /home/thrilok/ros_ws/install/bb_interfaces/local/lib/python3.10/dist-packages/bb_interfaces/_bb_interfaces_s.ep.rosidl_typesupport_introspection_c.c
[2.989s] -- Symlinking: /home/thrilok/ros_ws/install/bb_interfaces/local/lib/python3.10/dist-packages/bb_interfaces/bb_interfaces_s__rosidl_typesupport_c.cpython-310-x86_64-linux-gnu.so
[2.996s] -- Symlinking: /home/thrilok/ros_ws/install/bb_interfaces/local/lib/python3.10/dist-packages/bb_interfaces/bb_interfaces_s__rosidl_typesupport_fastrtps_c.cpython-310-x86_64-linux-gnu.so
[3.005s] -- Symlinking: /home/thrilok/ros_ws/install/bb_interfaces/local/lib/python3.10/dist-packages/bb_interfaces/bb_interfaces_s__rosidl_typesupport_introspection_c.cpython-310-x86_64-linux-gnu.so
[3.011s] -- Symlinking: /home/thrilok/ros_ws/install/bb_interfaces/local/lib/python3.10/dist-packages/bb_interfaces/libbb_interfaces__rosidl_generator_py.so
[3.018s] -- Symlinking: /home/thrilok/ros_ws/install/bb_interfaces/local/lib/python3.10/dist-packages/bb_interfaces/msg/__init__.py
[3.025s] -- Symlinking: /home/thrilok/ros_ws/install/bb_interfaces/local/lib/python3.10/dist-packages/bb_interfaces/msg/_custom_msg.py
[3.031s] -- Symlinking: /home/thrilok/ros_ws/install/bb_interfaces/local/lib/python3.10/dist-packages/bb_interfaces/msg/_custom_msg_s.c
[3.039s] -- Up-to-date symlink: /home/thrilok/ros_ws/install/bb_interfaces/local/lib/python3.10/dist-packages/bb_interfaces/bb_interfaces_s__rosidl_typesupport_fastrtps_c.cpython-310-x86_64-linux-gnu.so
[3.039s] -- Up-to-date symlink: /home/thrilok/ros_ws/install/bb_interfaces/local/lib/python3.10/dist-packages/bb_interfaces/bb_interfaces_s__rosidl_typesupport_introspection_c.cpython-310-x86_64-linux-gnu.so
[3.039s] -- Up-to-date symlink: /home/thrilok/ros_ws/install/bb_interfaces/local/lib/python3.10/dist-packages/bb_interfaces/bb_interfaces_s__rosidl_typesupport_c.cpython-310-x86_64-linux-gnu.so
[3.039s] -- Symlinking: /home/thrilok/ros_ws/install/bb_interfaces/share/bb_interfaces/msg/CustomMsg.idl
[3.048s] -- Symlinking: /home/thrilok/ros_ws/install/bb_interfaces/share/bb_interfaces/msg/CustomMsg.msg
[3.054s] -- Symlinking: /home/thrilok/ros_ws/install/bb_interfaces/share/ament_index/resource_index/package_run_dependencies/bb_interfaces
[3.062s] -- Symlinking: /home/thrilok/ros_ws/install/bb_interfaces/share/ament_index/resource_index/parent_prefix_path/bb_interfaces
[3.069s] -- Symlinking: /home/thrilok/ros_ws/install/bb_interfaces/share/bb_interfaces/environment/ament_prefix_path.sh
[3.076s] -- Symlinking: /home/thrilok/ros_ws/install/bb_interfaces/share/bb_interfaces/environment/ament_prefix_path.dsv
[3.083s] -- Symlinking: /home/thrilok/ros_ws/install/bb_interfaces/share/bb_interfaces/environment/path.sh
[3.090s] -- Symlinking: /home/thrilok/ros_ws/install/bb_interfaces/share/bb_interfaces/environment/path.dsv
[3.098s] -- Symlinking: /home/thrilok/ros_ws/install/bb_interfaces/share/bb_interfaces/local_setup.bash
[3.105s] -- Symlinking: /home/thrilok/ros_ws/install/bb_interfaces/share/bb_interfaces/local_setup.sh
[3.113s] -- Symlinking: /home/thrilok/ros_ws/install/bb_interfaces/share/bb_interfaces/local_setup.zsh
[3.120s] -- Symlinking: /home/thrilok/ros_ws/install/bb_interfaces/share/bb_interfaces/local_setup.dsv
[3.126s] -- Symlinking: /home/thrilok/ros_ws/install/bb_interfaces/share/bb_interfaces/package.dsv
[3.133s] -- Symlinking: /home/thrilok/ros_ws/install/bb_interfaces/share/ament_index/resource_index/packages/bb_interfaces
[3.139s] -- Symlinking: /home/thrilok/ros_ws/install/bb_interfaces/share/bb_interfaces/cmake/rosidl_cmake-extras.cmake
[3.147s] -- Symlinking: /home/thrilok/ros_ws/install/bb_interfaces/share/bb_interfaces/cmake/ament_cmake_export_dependencies-extras.cmake
[3.153s] -- Symlinking: /home/thrilok/ros_ws/install/bb_interfaces/share/bb_interfaces/cmake/ament_cmake_export_include_directories-extras.cmake
[3.159s] -- Symlinking: /home/thrilok/ros_ws/install/bb_interfaces/share/bb_interfaces/cmake/ament_cmake_export_libraries-extras.cmake
[3.167s] -- Symlinking: /home/thrilok/ros_ws/install/bb_interfaces/share/bb_interfaces/cmake/ament_cmake_export_targets-extras.cmake
[3.175s] -- Symlinking: /home/thrilok/ros_ws/install/bb_interfaces/share/bb_interfaces/cmake/rosidl_cmake_export_typesupport_targets-extras.cmake
[3.182s] -- Symlinking: /home/thrilok/ros_ws/install/bb_interfaces/share/bb_interfaces/cmake/rosidl_cmake_export_typesupport_libraries-extras.cmake
[3.188s] -- Symlinking: /home/thrilok/ros_ws/install/bb_interfaces/share/bb_interfaces/cmake/bb_interfacesConfig.cmake
[3.196s] -- Symlinking: /home/thrilok/ros_ws/install/bb_interfaces/share/bb_interfaces/cmake/bb_interfacesConfig-version.cmake
[3.204s] -- Symlinking: /home/thrilok/ros_ws/install/bb_interfaces/share/bb_interfaces/package.xml
[3.211s] -- Installing: /home/thrilok/ros_ws/install/bb_interfaces/lib/libbb_interfaces__rosidl_generator_c.so
[3.211s] -- Set runtime path of "/home/thrilok/ros_ws/install/bb_interfaces/lib/libbb_interfaces__rosidl_generator_c.so" to ""
[3.211s] -- Installing: /home/thrilok/ros_ws/install/bb_interfaces/lib/libbb_interfaces__rosidl_typesupport_fastrtps_c.so
[3.211s] -- Set runtime path of "/home/thrilok/ros_ws/install/bb_interfaces/lib/libbb_interfaces__rosidl_typesupport_fastrtps_c.so" to ""
[3.211s] -- Installing: /home/thrilok/ros_ws/install/bb_interfaces/lib/libbb_interfaces__rosidl_typesupport_fastrtps_cpp.so
[3.212s] -- Set runtime path of "/home/thrilok/ros_ws/install/bb_interfaces/lib/libbb_interfaces__rosidl_typesupport_fastrtps_cpp.so" to ""
[3.212s] -- Installing: /home/thrilok/ros_ws/install/bb_interfaces/lib/libbb_interfaces__rosidl_typesupport_introspection_c.so
[3.212s] -- Set runtime path of "/home/thrilok/ros_ws/install/bb_interfaces/lib/libbb_interfaces__rosidl_typesupport_introspection_c.so" to ""
[3.212s] -- Installing: /home/thrilok/ros_ws/install/bb_interfaces/lib/libbb_interfaces__rosidl_typesupport_c.so
[3.212s] -- Set runtime path of "/home/thrilok/ros_ws/install/bb_interfaces/lib/libbb_interfaces__rosidl_typesupport_c.so" to ""
[3.212s] -- Installing: /home/thrilok/ros_ws/install/bb_interfaces/lib/libbb_interfaces__rosidl_typesupport_introspection_cpp.so
[3.212s] -- Set runtime path of "/home/thrilok/ros_ws/install/bb_interfaces/lib/libbb_interfaces__rosidl_typesupport_introspection_cpp.so" to ""
[3.212s] -- Installing: /home/thrilok/ros_ws/install/bb_interfaces/lib/libbb_interfaces__rosidl_typesupport_cpp.so
[3.212s] -- Set runtime path of "/home/thrilok/ros_ws/install/bb_interfaces/lib/libbb_interfaces__rosidl_typesupport_cpp.so" to ""
[3.239s] Listing '/home/thrilok/ros_ws/install/bb_interfaces/local/lib/python3.10/dist-packages/bb_interfaces'...
[3.239s] Compiling '/home/thrilok/ros_ws/install/bb_interfaces/local/lib/python3.10/dist-packages/bb_interfaces/__init__.py'...
[3.239s] Listing '/home/thrilok/ros_ws/install/bb_interfaces/local/lib/python3.10/dist-packages/bb_interfaces/msg'...
[3.239s] Compiling '/home/thrilok/ros_ws/install/bb_interfaces/local/lib/python3.10/dist-packages/bb_interfaces/msg/__init__.py'...
[3.239s] Compiling '/home/thrilok/ros_ws/install/bb_interfaces/local/lib/python3.10/dist-packages/bb_interfaces/msg/_custom_msg.py'...
[3.242s] -- Installing: /home/thrilok/ros_ws/install/bb_interfaces/lib/libbb_interfaces__rosidl_generator_py.so
[3.242s] -- Set runtime path of "/home/thrilok/ros_ws/install/bb_interfaces/lib/libbb_interfaces__rosidl_generator_py.so" to ""
[3.242s] -- Installing: /home/thrilok/ros_ws/install/bb_interfaces/share/bb_interfaces/cmake/export_bb_interfaces__rosidl_generator_cExport.cmake
[3.242s] -- Installing: /home/thrilok/ros_ws/install/bb_interfaces/share/bb_interfaces/cmake/export_bb_interfaces__rosidl_generator_cExport-noconfig.cmake
[3.242s] -- Installing: /home/thrilok/ros_ws/install/bb_interfaces/share/bb_interfaces/cmake/export_bb_interfaces__rosidl_typesupport_fastrtps_cExport.cmake
[3.242s] -- Installing: /home/thrilok/ros_ws/install/bb_interfaces/share/bb_interfaces/cmake/export_bb_interfaces__rosidl_typesupport_fastrtps_cExport-noconfig.cmake
[3.242s] -- Installing: /home/thrilok/ros_ws/install/bb_interfaces/share/bb_interfaces/cmake/export_bb_interfaces__rosidl_generator_cppExport.cmake
[3.243s] -- Installing: /home/thrilok/ros_ws/install/bb_interfaces/share/bb_interfaces/cmake/export_bb_interfaces__rosidl_typesupport_fastrtps_cppExport.cmake
[3.243s] -- Installing: /home/thrilok/ros_ws/install/bb_interfaces/share/bb_interfaces/cmake/export_bb_interfaces__rosidl_typesupport_fastrtps_cppExport-noconfig.cmake
[3.243s] -- Installing: /home/thrilok/ros_ws/install/bb_interfaces/share/bb_interfaces/cmake/bb_interfaces__rosidl_typesupport_introspection_cExport.cmake
[3.243s] -- Installing: /home/thrilok/ros_ws/install/bb_interfaces/share/bb_interfaces/cmake/bb_interfaces__rosidl_typesupport_introspection_cExport-noconfig.cmake
[3.243s] -- Installing: /home/thrilok/ros_ws/install/bb_interfaces/share/bb_interfaces/cmake/bb_interfaces__rosidl_typesupport_cExport.cmake
[3.243s] -- Installing: /home/thrilok/ros_ws/install/bb_interfaces/share/bb_interfaces/cmake/bb_interfaces__rosidl_typesupport_cExport-noconfig.cmake
[3.243s] -- Installing: /home/thrilok/ros_ws/install/bb_interfaces/share/bb_interfaces/cmake/bb_interfaces__rosidl_typesupport_introspection_cppExport.cmake
[3.243s] -- Installing: /home/thrilok/ros_ws/install/bb_interfaces/share/bb_interfaces/cmake/bb_interfaces__rosidl_typesupport_introspection_cppExport-noconfig.cmake
[3.243s] -- Installing: /home/thrilok/ros_ws/install/bb_interfaces/share/bb_interfaces/cmake/bb_interfaces__rosidl_typesupport_cppExport.cmake
[3.243s] -- Installing: /home/thrilok/ros_ws/install/bb_interfaces/share/bb_interfaces/cmake/bb_interfaces__rosidl_typesupport_cppExport-noconfig.cmake
[3.243s] -- Installing: /home/thrilok/ros_ws/install/bb_interfaces/share/bb_interfaces/cmake/export_bb_interfaces__rosidl_generator_pyExport.cmake
[3.243s] -- Installing: /home/thrilok/ros_ws/install/bb_interfaces/share/bb_interfaces/cmake/export_bb_interfaces__rosidl_generator_pyExport-noconfig.cmake
[3.245s] Invoked command in '/home/thrilok/ros_ws/build/bb_interfaces' returned '0': CMAKE_PREFIX_PATH=${CMAKE_PREFIX_PATH}:/home/thrilok/butler_ws/install/butler_robot:/home/thrilok/butler_ws/install/butler_bot:/home/thrilok/ros_ws/install/butler_bot:/home/thrilok/turtlebot3_ws/install/turtlebot3_teleop:/home/thrilok/turtlebot3_ws/install/turtlebot3_example:/home/thrilok/robot_ws/install/task_manager:/home/thrilok/robot_ws/install/robot_agent:/opt/ros/humble /usr/bin/cmake --install /home/thrilok/ros_ws/build/bb_interfaces
