running develop
running egg_info
creating butler_bot.egg-info
writing butler_bot.egg-info/PKG-INFO
writing dependency_links to butler_bot.egg-info/dependency_links.txt
writing entry points to butler_bot.egg-info/entry_points.txt
writing requirements to butler_bot.egg-info/requires.txt
writing top-level names to butler_bot.egg-info/top_level.txt
writing manifest file 'butler_bot.egg-info/SOURCES.txt'
reading manifest file 'butler_bot.egg-info/SOURCES.txt'
writing manifest file 'butler_bot.egg-info/SOURCES.txt'
running build_ext
Creating /home/thrilok/ros_ws/install/butler_bot/lib/python3.10/site-packages/butler-bot.egg-link (link to .)

Installed /home/thrilok/ros_ws/build/butler_bot
running symlink_data
creating /home/thrilok/ros_ws/install/butler_bot/share/ament_index
creating /home/thrilok/ros_ws/install/butler_bot/share/ament_index/resource_index
creating /home/thrilok/ros_ws/install/butler_bot/share/ament_index/resource_index/packages
symbolically linking /home/thrilok/ros_ws/build/butler_bot/resource/butler_bot -> /home/thrilok/ros_ws/install/butler_bot/share/ament_index/resource_index/packages
symbolically linking /home/thrilok/ros_ws/build/butler_bot/package.xml -> /home/thrilok/ros_ws/install/butler_bot/share/butler_bot
